{"/home/user/projects/fiori-requirements/srv/cat-service.js": {"path":"/home/user/projects/fiori-requirements/srv/cat-service.js","statementMap":{"0":{"start":{"line":1,"column":75},"end":{"line":1,"column":107}},"1":{"start":{"line":3,"column":0},"end":{"line":15,"column":1}},"2":{"start":{"line":4,"column":4},"end":{"line":8,"column":6}},"3":{"start":{"line":5,"column":33},"end":{"line":5,"column":45}},"4":{"start":{"line":6,"column":8},"end":{"line":6,"column":87}},"5":{"start":{"line":7,"column":8},"end":{"line":7,"column":35}},"6":{"start":{"line":10,"column":4},"end":{"line":14,"column":5}},"7":{"start":{"line":11,"column":34},"end":{"line":11,"column":66}},"8":{"start":{"line":12,"column":8},"end":{"line":12,"column":87}}},"fnMap":{"0":{"name":"(anonymous_0)","decl":{"start":{"line":3,"column":17},"end":{"line":3,"column":18}},"loc":{"start":{"line":3,"column":26},"end":{"line":15,"column":1}},"line":3},"1":{"name":"(anonymous_1)","decl":{"start":{"line":4,"column":41},"end":{"line":4,"column":42}},"loc":{"start":{"line":4,"column":60},"end":{"line":8,"column":5}},"line":4},"2":{"name":"(anonymous_2)","decl":{"start":{"line":10,"column":40},"end":{"line":10,"column":41}},"loc":{"start":{"line":10,"column":64},"end":{"line":13,"column":5}},"line":10}},"branchMap":{"0":{"loc":{"start":{"line":6,"column":30},"end":{"line":6,"column":86}},"type":"binary-expr","locations":[{"start":{"line":6,"column":30},"end":{"line":6,"column":49}},{"start":{"line":6,"column":53},"end":{"line":6,"column":86}}],"line":6}},"s":{"0":1,"1":1,"2":1,"3":1,"4":1,"5":1,"6":1,"7":1,"8":1},"f":{"0":1,"1":1,"2":1},"b":{"0":[1,1]},"_coverageSchema":"1a1c01bbd47fc00a2c39e90264f33305004495a9","hash":"b65e6ba99a1b19fdc2bf98c0986397b76e9e8ed9"}
,"/home/user/projects/fiori-requirements/srv/catServiceFunctions.js": {"path":"/home/user/projects/fiori-requirements/srv/catServiceFunctions.js","statementMap":{"0":{"start":{"line":1,"column":27},"end":{"line":1,"column":60}},"1":{"start":{"line":3,"column":0},"end":{"line":3,"column":50}},"2":{"start":{"line":5,"column":18},"end":{"line":5,"column":39}},"3":{"start":{"line":6,"column":4},"end":{"line":6,"column":20}},"4":{"start":{"line":7,"column":20},"end":{"line":7,"column":84}},"5":{"start":{"line":8,"column":4},"end":{"line":8,"column":19}},"6":{"start":{"line":11,"column":19},"end":{"line":11,"column":71}},"7":{"start":{"line":12,"column":4},"end":{"line":12,"column":42}},"8":{"start":{"line":14,"column":0},"end":{"line":14,"column":38}},"9":{"start":{"line":18,"column":74},"end":{"line":18,"column":106}},"10":{"start":{"line":20,"column":29},"end":{"line":20,"column":50}},"11":{"start":{"line":22,"column":20},"end":{"line":22,"column":41}},"12":{"start":{"line":24,"column":24},"end":{"line":24,"column":109}},"13":{"start":{"line":25,"column":19},"end":{"line":25,"column":87}},"14":{"start":{"line":26,"column":26},"end":{"line":26,"column":49}},"15":{"start":{"line":29,"column":8},"end":{"line":49,"column":33}},"16":{"start":{"line":50,"column":4},"end":{"line":50,"column":15}},"17":{"start":{"line":52,"column":0},"end":{"line":52,"column":42}},"18":{"start":{"line":55,"column":21},"end":{"line":55,"column":90}},"19":{"start":{"line":56,"column":21},"end":{"line":56,"column":53}},"20":{"start":{"line":57,"column":25},"end":{"line":57,"column":58}},"21":{"start":{"line":58,"column":21},"end":{"line":64,"column":29}},"22":{"start":{"line":65,"column":24},"end":{"line":65,"column":50}},"23":{"start":{"line":66,"column":4},"end":{"line":66,"column":23}},"24":{"start":{"line":68,"column":0},"end":{"line":68,"column":40}},"25":{"start":{"line":70,"column":21},"end":{"line":70,"column":42}},"26":{"start":{"line":71,"column":23},"end":{"line":71,"column":47}},"27":{"start":{"line":72,"column":25},"end":{"line":72,"column":58}},"28":{"start":{"line":73,"column":20},"end":{"line":73,"column":48}},"29":{"start":{"line":74,"column":25},"end":{"line":74,"column":58}},"30":{"start":{"line":75,"column":26},"end":{"line":75,"column":52}},"31":{"start":{"line":76,"column":4},"end":{"line":76,"column":88}},"32":{"start":{"line":78,"column":0},"end":{"line":78,"column":72}},"33":{"start":{"line":80,"column":4},"end":{"line":80,"column":15}},"34":{"start":{"line":83,"column":5},"end":{"line":83,"column":24}},"35":{"start":{"line":84,"column":5},"end":{"line":84,"column":36}}},"fnMap":{"0":{"name":"getCredstoreBinding","decl":{"start":{"line":4,"column":9},"end":{"line":4,"column":28}},"loc":{"start":{"line":4,"column":31},"end":{"line":9,"column":1}},"line":4},"1":{"name":"getNextNumber","decl":{"start":{"line":10,"column":15},"end":{"line":10,"column":28}},"loc":{"start":{"line":10,"column":37},"end":{"line":13,"column":1}},"line":10},"2":{"name":"callSendMailAPI","decl":{"start":{"line":16,"column":15},"end":{"line":16,"column":30}},"loc":{"start":{"line":16,"column":50},"end":{"line":51,"column":1}},"line":16},"3":{"name":"getAccessToken","decl":{"start":{"line":54,"column":15},"end":{"line":54,"column":29}},"loc":{"start":{"line":54,"column":86},"end":{"line":67,"column":1}},"line":54},"4":{"name":"getProcessEnvironmentVariables","decl":{"start":{"line":69,"column":9},"end":{"line":69,"column":39}},"loc":{"start":{"line":69,"column":42},"end":{"line":77,"column":1}},"line":69},"5":{"name":"callback","decl":{"start":{"line":79,"column":9},"end":{"line":79,"column":17}},"loc":{"start":{"line":79,"column":23},"end":{"line":81,"column":1}},"line":79},"6":{"name":"errorCallback","decl":{"start":{"line":82,"column":10},"end":{"line":82,"column":23}},"loc":{"start":{"line":82,"column":31},"end":{"line":85,"column":2}},"line":82}},"branchMap":{"0":{"loc":{"start":{"line":12,"column":11},"end":{"line":12,"column":41}},"type":"cond-expr","locations":[{"start":{"line":12,"column":20},"end":{"line":12,"column":37}},{"start":{"line":12,"column":40},"end":{"line":12,"column":41}}],"line":12}},"s":{"0":1,"1":1,"2":1,"3":1,"4":1,"5":1,"6":1,"7":1,"8":1,"9":1,"10":1,"11":1,"12":1,"13":0,"14":0,"15":0,"16":0,"17":1,"18":1,"19":0,"20":0,"21":0,"22":0,"23":0,"24":1,"25":2,"26":2,"27":2,"28":2,"29":2,"30":2,"31":2,"32":1,"33":0,"34":0,"35":0},"f":{"0":1,"1":1,"2":1,"3":1,"4":2,"5":0,"6":0},"b":{"0":[0,1]},"_coverageSchema":"1a1c01bbd47fc00a2c39e90264f33305004495a9","hash":"7d57da9fffb3864d0b32b05bebfc1d7022b82542"}
,"/home/user/projects/fiori-requirements/srv/getAuthFromCredstore.js": {"path":"/home/user/projects/fiori-requirements/srv/getAuthFromCredstore.js","statementMap":{"0":{"start":{"line":1,"column":14},"end":{"line":1,"column":35}},"1":{"start":{"line":2,"column":13},"end":{"line":2,"column":33}},"2":{"start":{"line":4,"column":4},"end":{"line":5,"column":66}},"3":{"start":{"line":5,"column":8},"end":{"line":5,"column":66}},"4":{"start":{"line":6,"column":4},"end":{"line":6,"column":20}},"5":{"start":{"line":9,"column":16},"end":{"line":9,"column":153}},"6":{"start":{"line":10,"column":20},"end":{"line":10,"column":70}},"7":{"start":{"line":11,"column":19},"end":{"line":11,"column":47}},"8":{"start":{"line":12,"column":4},"end":{"line":12,"column":18}},"9":{"start":{"line":15,"column":19},"end":{"line":15,"column":42}},"10":{"start":{"line":16,"column":4},"end":{"line":16,"column":118}},"11":{"start":{"line":17,"column":4},"end":{"line":17,"column":55}},"12":{"start":{"line":18,"column":4},"end":{"line":18,"column":18}},"13":{"start":{"line":21,"column":19},"end":{"line":25,"column":25}},"14":{"start":{"line":23,"column":26},"end":{"line":23,"column":41}},"15":{"start":{"line":24,"column":25},"end":{"line":24,"column":60}},"16":{"start":{"line":26,"column":4},"end":{"line":26,"column":18}},"17":{"start":{"line":29,"column":4},"end":{"line":31,"column":46}},"18":{"start":{"line":33,"column":0},"end":{"line":33,"column":40}}},"fnMap":{"0":{"name":"checkStatus","decl":{"start":{"line":3,"column":9},"end":{"line":3,"column":20}},"loc":{"start":{"line":3,"column":31},"end":{"line":7,"column":1}},"line":3},"1":{"name":"decryptPayload","decl":{"start":{"line":8,"column":15},"end":{"line":8,"column":29}},"loc":{"start":{"line":8,"column":51},"end":{"line":13,"column":1}},"line":8},"2":{"name":"headers","decl":{"start":{"line":14,"column":9},"end":{"line":14,"column":16}},"loc":{"start":{"line":14,"column":43},"end":{"line":19,"column":1}},"line":14},"3":{"name":"fetchAndDecrypt","decl":{"start":{"line":20,"column":15},"end":{"line":20,"column":30}},"loc":{"start":{"line":20,"column":71},"end":{"line":27,"column":1}},"line":20},"4":{"name":"(anonymous_4)","decl":{"start":{"line":23,"column":14},"end":{"line":23,"column":15}},"loc":{"start":{"line":23,"column":26},"end":{"line":23,"column":41}},"line":23},"5":{"name":"(anonymous_5)","decl":{"start":{"line":24,"column":14},"end":{"line":24,"column":15}},"loc":{"start":{"line":24,"column":25},"end":{"line":24,"column":60}},"line":24},"6":{"name":"readCredential","decl":{"start":{"line":28,"column":15},"end":{"line":28,"column":29}},"loc":{"start":{"line":28,"column":62},"end":{"line":32,"column":1}},"line":28}},"branchMap":{"0":{"loc":{"start":{"line":4,"column":4},"end":{"line":5,"column":66}},"type":"if","locations":[{"start":{"line":4,"column":4},"end":{"line":5,"column":66}},{"start":{"line":4,"column":4},"end":{"line":5,"column":66}}],"line":4}},"s":{"0":1,"1":1,"2":0,"3":0,"4":0,"5":0,"6":0,"7":0,"8":0,"9":1,"10":1,"11":1,"12":1,"13":1,"14":0,"15":0,"16":0,"17":1,"18":1},"f":{"0":0,"1":0,"2":1,"3":1,"4":0,"5":0,"6":1},"b":{"0":[0,0]},"_coverageSchema":"1a1c01bbd47fc00a2c39e90264f33305004495a9","hash":"8a0f3a47b4535fba9e81201e3b878b322e7a1932"}
}
