TN:
SF:srv/cat-service.js
FN:3,(anonymous_0)
FN:4,(anonymous_1)
FN:10,(anonymous_2)
FNF:3
FNH:3
FNDA:1,(anonymous_0)
FNDA:1,(anonymous_1)
FNDA:1,(anonymous_2)
DA:1,1
DA:3,1
DA:4,1
DA:5,1
DA:6,1
DA:7,1
DA:10,1
DA:11,1
DA:12,1
LF:9
LH:9
BRDA:6,0,0,1
BRDA:6,0,1,1
BRF:2
BRH:2
end_of_record
TN:
SF:srv/catServiceFunctions.js
FN:4,getCredstoreBinding
FN:10,getNextNumber
FN:16,callSendMailAPI
FN:54,getAccessToken
FN:69,getProcessEnvironmentVariables
FN:79,callback
FN:82,errorCallback
FNF:7
FNH:5
FNDA:1,getCredstoreBinding
FNDA:1,getNextNumber
FNDA:1,callSendMailAPI
FNDA:1,getAccessToken
FNDA:2,getProcessEnvironmentVariables
FNDA:0,callback
FNDA:0,errorCallback
DA:1,1
DA:3,1
DA:5,1
DA:6,1
DA:7,1
DA:8,1
DA:11,1
DA:12,1
DA:14,1
DA:18,1
DA:20,1
DA:22,1
DA:24,1
DA:25,0
DA:26,0
DA:29,0
DA:50,0
DA:52,1
DA:55,1
DA:56,0
DA:57,0
DA:58,0
DA:65,0
DA:66,0
DA:68,1
DA:70,2
DA:71,2
DA:72,2
DA:73,2
DA:74,2
DA:75,2
DA:76,2
DA:78,1
DA:80,0
DA:83,0
DA:84,0
LF:36
LH:24
BRDA:12,0,0,0
BRDA:12,0,1,1
BRF:2
BRH:1
end_of_record
TN:
SF:srv/getAuthFromCredstore.js
FN:3,checkStatus
FN:8,decryptPayload
FN:14,headers
FN:20,fetchAndDecrypt
FN:23,(anonymous_4)
FN:24,(anonymous_5)
FN:28,readCredential
FNF:7
FNH:3
FNDA:0,checkStatus
FNDA:0,decryptPayload
FNDA:1,headers
FNDA:1,fetchAndDecrypt
FNDA:0,(anonymous_4)
FNDA:0,(anonymous_5)
FNDA:1,readCredential
DA:1,1
DA:2,1
DA:4,0
DA:5,0
DA:6,0
DA:9,0
DA:10,0
DA:11,0
DA:12,0
DA:15,1
DA:16,1
DA:17,1
DA:18,1
DA:21,1
DA:23,0
DA:24,0
DA:26,0
DA:29,1
DA:33,1
LF:19
LH:9
BRDA:4,0,0,0
BRDA:4,0,1,0
BRF:2
BRH:0
end_of_record
